<?xml version="1.0" encoding="UTF-8"?>
<!-- Generated by org.testng.reporters.JUnitXMLReporter -->
<testsuite ignored="8" hostname="DESKTOP-7DSRTNS" failures="0" tests="9" name="Test" time="22.236" errors="0" timestamp="2024-04-05T12:17:29 IST">
  <testcase classname="org.plan.ElementsPresent" name="findYourPlanIsPresent" time="15.76"/>
  <testcase classname="org.plan.ElementsPresent" name="prmryDestPresent" time="0.724"/>
  <testcase classname="org.plan.ElementsPresent" name="studentPresent" time="0.387"/>
  <testcase classname="org.plan.ElementsPresent" name="brthDatePresent" time="0.398"/>
  <testcase classname="org.plan.ElementsPresent" name="homeCountryPresent" time="0.5"/>
  <testcase classname="org.plan.ElementsPresent" name="citizenShipPresent" time="0.485"/>
  <testcase classname="org.plan.ElementsPresent" name="strtDatePresent" time="1.37"/>
  <testcase classname="org.plan.ElementsPresent" name="endDtPressent" time="0.329"/>
  <testcase classname="org.plan.ElementsPresent" name="viewPlanSub" time="0.087"/>
  <testcase classname="org.plan.ElementsPresent" name="srchPresent" time="0.0">
    <ignored/>
  </testcase> <!-- srchPresent -->
  <testcase classname="org.plan.ElementsPresent" name="srchBoxEmpty" time="0.0">
    <ignored/>
  </testcase> <!-- srchBoxEmpty -->
  <testcase classname="org.plan.ElementsPresent" name="stdntHealthIsPresent" time="0.0">
    <ignored/>
  </testcase> <!-- stdntHealthIsPresent -->
  <testcase classname="org.plan.ElementsPresent" name="insExplPresent" time="0.0">
    <ignored/>
  </testcase> <!-- insExplPresent -->
  <testcase classname="org.plan.ElementsPresent" name="mjrMedPresent" time="0.0">
    <ignored/>
  </testcase> <!-- mjrMedPresent -->
  <testcase classname="org.plan.ElementsPresent" name="sclReqPresent" time="0.0">
    <ignored/>
  </testcase> <!-- sclReqPresent -->
  <testcase classname="org.plan.ElementsPresent" name="travelMedPresent" time="0.0">
    <ignored/>
  </testcase> <!-- travelMedPresent -->
  <testcase classname="org.plan.ElementsPresent" name="warnMsg" time="0.0">
    <ignored/>
  </testcase> <!-- warnMsg -->
</testsuite> <!-- Test -->
