<?xml version="1.0" encoding="UTF-8"?>
<!-- Generated by org.testng.reporters.JUnitXMLReporter -->
<testsuite ignored="8" hostname="DESKTOP-7DSRTNS" failures="8" tests="8" name="Test(failed)" time="0.158" errors="0" timestamp="01 Apr 2024 17:34:26 GMT">
  <testcase classname="org.plan.ElementsPresent" name="findYourPlanIsPresent" time="0.021">
    <failure type="java.lang.NullPointerException">
      <![CDATA[java.lang.NullPointerException
at org.base.BaseClass.geturl(BaseClass.java:45)
at org.plan.ElementsPresent.findYourPlanIsPresent(ElementsPresent.java:47)
at java.base/java.util.concurrent.ThreadPoolExecutor.runWorker(ThreadPoolExecutor.java:1128)
at java.base/java.util.concurrent.ThreadPoolExecutor$Worker.run(ThreadPoolExecutor.java:628)
at java.base/java.lang.Thread.run(Thread.java:834)
... Removed 10 stack frames]]>
    </failure>
  </testcase> <!-- findYourPlanIsPresent -->
  <testcase classname="org.plan.ElementsPresent" name="prmryDestPresent" time="0.039">
    <failure type="java.lang.NullPointerException">
      <![CDATA[java.lang.NullPointerException
at org.openqa.selenium.support.pagefactory.DefaultElementLocator.findElement(DefaultElementLocator.java:68)
at org.openqa.selenium.support.pagefactory.internal.LocatingElementHandler.invoke(LocatingElementHandler.java:38)
at com.sun.proxy.$Proxy10.isDisplayed(Unknown Source)
at org.plan.ElementsPresent.prmryDestPresent(ElementsPresent.java:82)
at java.base/java.util.concurrent.ThreadPoolExecutor.runWorker(ThreadPoolExecutor.java:1128)
at java.base/java.util.concurrent.ThreadPoolExecutor$Worker.run(ThreadPoolExecutor.java:628)
at java.base/java.lang.Thread.run(Thread.java:834)
... Removed 10 stack frames]]>
    </failure>
  </testcase> <!-- prmryDestPresent -->
  <testcase classname="org.plan.ElementsPresent" name="studentPresent" time="0.002">
    <failure type="java.lang.NullPointerException">
      <![CDATA[java.lang.NullPointerException
at org.openqa.selenium.support.pagefactory.DefaultElementLocator.findElement(DefaultElementLocator.java:68)
at org.openqa.selenium.support.pagefactory.internal.LocatingElementHandler.invoke(LocatingElementHandler.java:38)
at com.sun.proxy.$Proxy10.isDisplayed(Unknown Source)
at org.plan.ElementsPresent.studentPresent(ElementsPresent.java:104)
at java.base/java.util.concurrent.ThreadPoolExecutor.runWorker(ThreadPoolExecutor.java:1128)
at java.base/java.util.concurrent.ThreadPoolExecutor$Worker.run(ThreadPoolExecutor.java:628)
at java.base/java.lang.Thread.run(Thread.java:834)
... Removed 10 stack frames]]>
    </failure>
  </testcase> <!-- studentPresent -->
  <testcase classname="org.plan.ElementsPresent" name="brthDatePresent" time="0.004">
    <failure type="java.lang.NullPointerException">
      <![CDATA[java.lang.NullPointerException
at org.openqa.selenium.support.pagefactory.DefaultElementLocator.findElement(DefaultElementLocator.java:68)
at org.openqa.selenium.support.pagefactory.internal.LocatingElementHandler.invoke(LocatingElementHandler.java:38)
at com.sun.proxy.$Proxy10.isDisplayed(Unknown Source)
at org.plan.ElementsPresent.brthDatePresent(ElementsPresent.java:126)
at java.base/java.util.concurrent.ThreadPoolExecutor.runWorker(ThreadPoolExecutor.java:1128)
at java.base/java.util.concurrent.ThreadPoolExecutor$Worker.run(ThreadPoolExecutor.java:628)
at java.base/java.lang.Thread.run(Thread.java:834)
... Removed 10 stack frames]]>
    </failure>
  </testcase> <!-- brthDatePresent -->
  <testcase classname="org.plan.ElementsPresent" name="homeCountryPresent" time="0.001">
    <failure type="java.lang.NullPointerException">
      <![CDATA[java.lang.NullPointerException
at org.openqa.selenium.support.pagefactory.DefaultElementLocator.findElement(DefaultElementLocator.java:68)
at org.openqa.selenium.support.pagefactory.internal.LocatingElementHandler.invoke(LocatingElementHandler.java:38)
at com.sun.proxy.$Proxy10.isDisplayed(Unknown Source)
at org.plan.ElementsPresent.homeCountryPresent(ElementsPresent.java:142)
at java.base/java.util.concurrent.ThreadPoolExecutor.runWorker(ThreadPoolExecutor.java:1128)
at java.base/java.util.concurrent.ThreadPoolExecutor$Worker.run(ThreadPoolExecutor.java:628)
at java.base/java.lang.Thread.run(Thread.java:834)
... Removed 10 stack frames]]>
    </failure>
  </testcase> <!-- homeCountryPresent -->
  <testcase classname="org.plan.ElementsPresent" name="citizenShipPresent" time="0.001">
    <failure type="java.lang.NullPointerException">
      <![CDATA[java.lang.NullPointerException
at org.base.BaseClass.implicitWait(BaseClass.java:206)
at org.plan.ElementsPresent.citizenShipPresent(ElementsPresent.java:58)
at java.base/java.util.concurrent.ThreadPoolExecutor.runWorker(ThreadPoolExecutor.java:1128)
at java.base/java.util.concurrent.ThreadPoolExecutor$Worker.run(ThreadPoolExecutor.java:628)
at java.base/java.lang.Thread.run(Thread.java:834)
... Removed 10 stack frames]]>
    </failure>
  </testcase> <!-- citizenShipPresent -->
  <testcase classname="org.plan.ElementsPresent" name="strtDatePresent" time="0.001">
    <failure type="java.lang.NullPointerException">
      <![CDATA[java.lang.NullPointerException
at org.openqa.selenium.support.pagefactory.DefaultElementLocator.findElement(DefaultElementLocator.java:68)
at org.openqa.selenium.support.pagefactory.internal.LocatingElementHandler.invoke(LocatingElementHandler.java:38)
at com.sun.proxy.$Proxy10.isDisplayed(Unknown Source)
at org.plan.ElementsPresent.strtDatePresent(ElementsPresent.java:162)
at java.base/java.util.concurrent.ThreadPoolExecutor.runWorker(ThreadPoolExecutor.java:1128)
at java.base/java.util.concurrent.ThreadPoolExecutor$Worker.run(ThreadPoolExecutor.java:628)
at java.base/java.lang.Thread.run(Thread.java:834)
... Removed 10 stack frames]]>
    </failure>
  </testcase> <!-- strtDatePresent -->
  <testcase classname="org.plan.ElementsPresent" name="endDtPressent" time="0.001">
    <failure type="java.lang.NullPointerException">
      <![CDATA[java.lang.NullPointerException
at org.openqa.selenium.support.pagefactory.DefaultElementLocator.findElement(DefaultElementLocator.java:68)
at org.openqa.selenium.support.pagefactory.internal.LocatingElementHandler.invoke(LocatingElementHandler.java:38)
at com.sun.proxy.$Proxy10.isDisplayed(Unknown Source)
at org.plan.ElementsPresent.endDtPressent(ElementsPresent.java:189)
at java.base/java.util.concurrent.ThreadPoolExecutor.runWorker(ThreadPoolExecutor.java:1128)
at java.base/java.util.concurrent.ThreadPoolExecutor$Worker.run(ThreadPoolExecutor.java:628)
at java.base/java.lang.Thread.run(Thread.java:834)
... Removed 10 stack frames]]>
    </failure>
  </testcase> <!-- endDtPressent -->
  <testcase classname="org.plan.ElementsPresent" name="mjrMedPresent" time="0.0">
    <ignored/>
  </testcase> <!-- mjrMedPresent -->
  <testcase classname="org.plan.ElementsPresent" name="warnMsg" time="0.0">
    <ignored/>
  </testcase> <!-- warnMsg -->
  <testcase classname="org.plan.ElementsPresent" name="sclReqPresent" time="0.0">
    <ignored/>
  </testcase> <!-- sclReqPresent -->
  <testcase classname="org.plan.ElementsPresent" name="insExplPresent" time="0.0">
    <ignored/>
  </testcase> <!-- insExplPresent -->
  <testcase classname="org.plan.ElementsPresent" name="travelMedPresent" time="0.0">
    <ignored/>
  </testcase> <!-- travelMedPresent -->
  <testcase classname="org.plan.ElementsPresent" name="srchPresent" time="0.0">
    <ignored/>
  </testcase> <!-- srchPresent -->
  <testcase classname="org.plan.ElementsPresent" name="stdntHealthIsPresent" time="0.0">
    <ignored/>
  </testcase> <!-- stdntHealthIsPresent -->
  <testcase classname="org.plan.ElementsPresent" name="srchBoxEmpty" time="0.0">
    <ignored/>
  </testcase> <!-- srchBoxEmpty -->
</testsuite> <!-- Test(failed) -->
