<?xml version="1.0" encoding="UTF-8"?>
<testng-results ignored="0" total="9" passed="9" failed="0" skipped="0">
  <reporter-output>
  </reporter-output>
  <suite started-at="2024-04-09T23:27:03 IST" name="Default suite" finished-at="2024-04-09T23:27:10 IST" duration-ms="6521">
    <groups>
      <group name="Form">
        <method signature="SpecialInsurancePresent.findYourPlanIsPresent()[pri:-11, instance:org.plan.SpecialInsurancePresent@1033576a]" name="findYourPlanIsPresent" class="org.plan.SpecialInsurancePresent"/>
      </group> <!-- Form -->
    </groups>
    <test started-at="2024-04-09T23:27:03 IST" name="Default test" finished-at="2024-04-09T23:27:10 IST" duration-ms="6521">
      <class name="org.plan.SpecialInsurancePresent">
        <test-method is-config="true" signature="launchBrowser()[pri:0, instance:org.plan.SpecialInsurancePresent@1033576a]" started-at="2024-04-09T23:27:03 IST" name="launchBrowser" finished-at="2024-04-09T23:27:05 IST" duration-ms="1667" status="PASS">
          <reporter-output>
          </reporter-output>
        </test-method> <!-- launchBrowser -->
        <test-method signature="findYourPlanIsPresent()[pri:-11, instance:org.plan.SpecialInsurancePresent@1033576a]" started-at="2024-04-09T23:27:05 IST" name="findYourPlanIsPresent" finished-at="2024-04-09T23:27:09 IST" duration-ms="4499" status="PASS">
          <reporter-output>
          </reporter-output>
        </test-method> <!-- findYourPlanIsPresent -->
        <test-method signature="dentIns()[pri:-9, instance:org.plan.SpecialInsurancePresent@1033576a]" started-at="2024-04-09T23:27:09 IST" name="dentIns" finished-at="2024-04-09T23:27:09 IST" duration-ms="69" status="PASS">
          <reporter-output>
          </reporter-output>
        </test-method> <!-- dentIns -->
        <test-method signature="f1stdIns()[pri:-8, instance:org.plan.SpecialInsurancePresent@1033576a]" started-at="2024-04-09T23:27:09 IST" name="f1stdIns" finished-at="2024-04-09T23:27:09 IST" duration-ms="31" status="PASS">
          <reporter-output>
          </reporter-output>
        </test-method> <!-- f1stdIns -->
        <test-method signature="depdncIns()[pri:-7, instance:org.plan.SpecialInsurancePresent@1033576a]" started-at="2024-04-09T23:27:09 IST" name="depdncIns" finished-at="2024-04-09T23:27:09 IST" duration-ms="33" status="PASS">
          <reporter-output>
          </reporter-output>
        </test-method> <!-- depdncIns -->
        <test-method signature="hghSclIns()[pri:-6, instance:org.plan.SpecialInsurancePresent@1033576a]" started-at="2024-04-09T23:27:09 IST" name="hghSclIns" finished-at="2024-04-09T23:27:09 IST" duration-ms="34" status="PASS">
          <reporter-output>
          </reporter-output>
        </test-method> <!-- hghSclIns -->
        <test-method signature="jvisaIns()[pri:-5, instance:org.plan.SpecialInsurancePresent@1033576a]" started-at="2024-04-09T23:27:09 IST" name="jvisaIns" finished-at="2024-04-09T23:27:09 IST" duration-ms="30" status="PASS">
          <reporter-output>
          </reporter-output>
        </test-method> <!-- jvisaIns -->
        <test-method signature="optIns()[pri:-4, instance:org.plan.SpecialInsurancePresent@1033576a]" started-at="2024-04-09T23:27:09 IST" name="optIns" finished-at="2024-04-09T23:27:10 IST" duration-ms="32" status="PASS">
          <reporter-output>
          </reporter-output>
        </test-method> <!-- optIns -->
        <test-method signature="schVisaIns()[pri:-3, instance:org.plan.SpecialInsurancePresent@1033576a]" started-at="2024-04-09T23:27:10 IST" name="schVisaIns" finished-at="2024-04-09T23:27:10 IST" duration-ms="36" status="PASS">
          <reporter-output>
          </reporter-output>
        </test-method> <!-- schVisaIns -->
        <test-method signature="stdAbdIns()[pri:-2, instance:org.plan.SpecialInsurancePresent@1033576a]" started-at="2024-04-09T23:27:10 IST" name="stdAbdIns" finished-at="2024-04-09T23:27:10 IST" duration-ms="31" status="PASS">
          <reporter-output>
          </reporter-output>
        </test-method> <!-- stdAbdIns -->
      </class> <!-- org.plan.SpecialInsurancePresent -->
    </test> <!-- Default test -->
  </suite> <!-- Default suite -->
</testng-results>
